This is pdfTeX, Version 3.1415926-1.40.10 (TeX Live 2009/Debian) (format=pdflatex 2011.4.7)  23 AUG 2011 16:15
entering extended mode
 %&-line parsing enabled.
**lmcproc.tex
(./lmcproc.tex
LaTeX2e <2009/09/24>
Babel <v3.8l> and hyphenation patterns for english, usenglishmax, dumylang, noh
yphenation, farsi, arabic, croatian, bulgarian, ukrainian, russian, czech, slov
ak, danish, dutch, finnish, french, basque, ngerman, german, german-x-2009-06-1
9, ngerman-x-2009-06-19, ibycus, monogreek, greek, ancientgreek, hungarian, san
skrit, italian, latin, latvian, lithuanian, mongolian2a, mongolian, bokmal, nyn
orsk, romanian, irish, coptic, serbian, turkish, welsh, esperanto, uppersorbian
, estonian, indonesian, interlingua, icelandic, kurmanji, slovenian, polish, po
rtuguese, spanish, galician, catalan, swedish, ukenglish, loaded.
(./iopart.cls
Document Class: iopart 1996/06/10 v0.0 IOP Journals LaTeX article class
(./iopart12.clo
File: iopart12.clo 1997/01/15 v1.0 LaTeX2e file (size option)
)
\c@jnl=\count79
\c@section=\count80
\c@subsection=\count81
\c@subsubsection=\count82
\c@paragraph=\count83
\c@subparagraph=\count84
\c@figure=\count85
\c@table=\count86
\abovecaptionskip=\skip41
\belowcaptionskip=\skip42
\indentedwidth=\skip43
\mathindent=\dimen102
\c@eqnval=\count87
) (./iopams.sty
Package: iopams 1997/02/13 v1.0

(/usr/share/texmf-texlive/tex/latex/amsmath/amsgen.sty
File: amsgen.sty 1999/11/30 v2.0
\@emptytoks=\toks14
\ex@=\dimen103
)
(/usr/share/texmf-texlive/tex/latex/amsfonts/amsfonts.sty
Package: amsfonts 2009/06/22 v3.00 Basic AMSFonts support
\symAMSa=\mathgroup4
\symAMSb=\mathgroup5
LaTeX Font Info:    Overwriting math alphabet `\mathfrak' in version `bold'
(Font)                  U/euf/m/n --> U/euf/b/n on input line 96.
)
(/usr/share/texmf-texlive/tex/latex/amsfonts/amssymb.sty
Package: amssymb 2009/06/22 v3.00
)
(/usr/share/texmf-texlive/tex/latex/amsmath/amsbsy.sty
Package: amsbsy 1999/11/29 v1.2d
\pmbraise@=\dimen104
))
(/usr/share/texmf-texlive/tex/latex/graphics/graphicx.sty
Package: graphicx 1999/02/16 v1.0f Enhanced LaTeX Graphics (DPC,SPQR)

(/usr/share/texmf-texlive/tex/latex/graphics/keyval.sty
Package: keyval 1999/03/16 v1.13 key=value parser (DPC)
\KV@toks@=\toks15
)
(/usr/share/texmf-texlive/tex/latex/graphics/graphics.sty
Package: graphics 2009/02/05 v1.0o Standard LaTeX Graphics (DPC,SPQR)

(/usr/share/texmf-texlive/tex/latex/graphics/trig.sty
Package: trig 1999/03/16 v1.09 sin cos tan (DPC)
)
(/etc/texmf/tex/latex/config/graphics.cfg
File: graphics.cfg 2009/08/28 v1.8 graphics configuration of TeX Live
)
Package graphics Info: Driver file: pdftex.def on input line 91.

(/usr/share/texmf-texlive/tex/latex/pdftex-def/pdftex.def
File: pdftex.def 2009/08/25 v0.04m Graphics/color for pdfTeX
\Gread@gobject=\count88
))
\Gin@req@height=\dimen105
\Gin@req@width=\dimen106
)
(/usr/share/texmf-texlive/tex/latex/subfigure/subfigure.sty
Package: subfigure 2002/03/15 v2.1.5 subfigure package
\subfigtopskip=\skip44
\subfigcapskip=\skip45
\subfigcaptopadj=\dimen107
\subfigbottomskip=\skip46
\subfigcapmargin=\dimen108
\subfiglabelskip=\skip47
\c@subfigure=\count89
\c@lofdepth=\count90
\c@subtable=\count91
\c@lotdepth=\count92

****************************************
* Local config file subfigure.cfg used *
****************************************
(/usr/share/texmf-texlive/tex/latex/subfigure/subfigure.cfg)
\subfig@top=\skip48
\subfig@bottom=\skip49
) (./lmcproc.aux)
\openout1 = `lmcproc.aux'.

LaTeX Font Info:    Checking defaults for OML/cmm/m/it on input line 48.
LaTeX Font Info:    ... okay on input line 48.
LaTeX Font Info:    Checking defaults for T1/cmr/m/n on input line 48.
LaTeX Font Info:    ... okay on input line 48.
LaTeX Font Info:    Checking defaults for OT1/cmr/m/n on input line 48.
LaTeX Font Info:    ... okay on input line 48.
LaTeX Font Info:    Checking defaults for OMS/cmsy/m/n on input line 48.
LaTeX Font Info:    ... okay on input line 48.
LaTeX Font Info:    Checking defaults for OMX/cmex/m/n on input line 48.
LaTeX Font Info:    ... okay on input line 48.
LaTeX Font Info:    Checking defaults for U/cmr/m/n on input line 48.
LaTeX Font Info:    ... okay on input line 48.

(/usr/share/texmf-texlive/tex/context/base/supp-pdf.mkii
[Loading MPS to PDF converter (version 2006.09.02).]
\scratchcounter=\count93
\scratchdimen=\dimen109
\scratchbox=\box26
\nofMPsegments=\count94
\nofMParguments=\count95
\everyMPshowfont=\toks16
\MPscratchCnt=\count96
\MPscratchDim=\dimen110
\MPnumerator=\count97
\everyMPtoPDFconversion=\toks17
)
LaTeX Font Info:    Try loading font information for U+msa on input line 52.
 (/usr/share/texmf-texlive/tex/latex/amsfonts/umsa.fd
File: umsa.fd 2009/06/22 v3.00 AMS symbols A
)
LaTeX Font Info:    Try loading font information for U+msb on input line 52.

(/usr/share/texmf-texlive/tex/latex/amsfonts/umsb.fd
File: umsb.fd 2009/06/22 v3.00 AMS symbols B
) [1

{/var/lib/texmf/fonts/map/pdftex/updmap/pdftex.map}]
<disc_bp2_t-0o5_k2o0_100k_x.png, id=12, 771.88374pt x 778.91pt>
File: disc_bp2_t-0o5_k2o0_100k_x.png Graphic file (type png)

<use disc_bp2_t-0o5_k2o0_100k_x.png>
<disc_bp2_t-0o5_k2o0_100k_y.png, id=13, 771.88374pt x 778.91pt>
File: disc_bp2_t-0o5_k2o0_100k_y.png Graphic file (type png)

<use disc_bp2_t-0o5_k2o0_100k_y.png>
<disc_bp2_t-0o5_k2o0_300k_x.png, id=14, 771.88374pt x 778.91pt>
File: disc_bp2_t-0o5_k2o0_300k_x.png Graphic file (type png)

<use disc_bp2_t-0o5_k2o0_300k_x.png>
<disc_bp2_t-0o5_k2o0_300k_y.png, id=15, 771.88374pt x 778.91pt>
File: disc_bp2_t-0o5_k2o0_300k_y.png Graphic file (type png)

<use disc_bp2_t-0o5_k2o0_300k_y.png>
<disc_bp2_tk_scan_25k.png, id=16, 771.88374pt x 784.9325pt>
File: disc_bp2_tk_scan_25k.png Graphic file (type png)

<use disc_bp2_tk_scan_25k.png>
<disc_bp2_tk_scan_75k.png, id=17, 771.88374pt x 784.9325pt>
File: disc_bp2_tk_scan_75k.png Graphic file (type png)

<use disc_bp2_tk_scan_75k.png>
<disc_bp2_tk_scan_125k.png, id=18, 771.88374pt x 784.9325pt>
File: disc_bp2_tk_scan_125k.png Graphic file (type png)

<use disc_bp2_tk_scan_125k.png>

LaTeX Warning: `h' float specifier changed to `ht'.

<stress_bp2_fbc.pdf, id=19, 361.35pt x 252.945pt>
File: stress_bp2_fbc.pdf Graphic file (type pdf)
 <use stress_bp2_fbc.pdf>

LaTeX Warning: `h' float specifier changed to `ht'.

<disc_bp1_t-0o5_k1o0_400k_1uc.png, id=20, 498.86375pt x 280.04625pt>
File: disc_bp1_t-0o5_k1o0_400k_1uc.png Graphic file (type png)

<use disc_bp1_t-0o5_k1o0_400k_1uc.png>
<disc_bp1_t-0o5_k1o0_400k_2uc.png, id=21, 511.9125pt x 498.86375pt>
File: disc_bp1_t-0o5_k1o0_400k_2uc.png Graphic file (type png)

<use disc_bp1_t-0o5_k1o0_400k_2uc.png>
<disc_bp1_t-0o5_k1o0_400k_3uc.png, id=22, 401.5pt x 584.1825pt>
File: disc_bp1_t-0o5_k1o0_400k_3uc.png Graphic file (type png)

<use disc_bp1_t-0o5_k1o0_400k_3uc.png>
<disc_bp1_t-0o5_k1o0_400k_4uc.png, id=23, 380.42125pt x 705.63625pt>
File: disc_bp1_t-0o5_k1o0_400k_4uc.png Graphic file (type png)

<use disc_bp1_t-0o5_k1o0_400k_4uc.png>

LaTeX Warning: `h' float specifier changed to `ht'.

<stress_bp1_fbc.pdf, id=24, 361.35pt x 252.945pt>
File: stress_bp1_fbc.pdf Graphic file (type pdf)
 <use stress_bp1_fbc.pdf>

LaTeX Warning: `h' float specifier changed to `ht'.

(./lmcproc.bbl) [2 <./disc_bp2_t-0o5_k2o0_100k_x.png (PNG copy)> <./disc_bp2_t-
0o5_k2o0_100k_y.png (PNG copy)> <./disc_bp2_t-0o5_k2o0_300k_x.png (PNG copy)> <
./disc_bp2_t-0o5_k2o0_300k_y.png (PNG copy)>] [3 <./disc_bp2_tk_scan_25k.png (P
NG copy)> <./disc_bp2_tk_scan_75k.png (PNG copy)> <./disc_bp2_tk_scan_125k.png 
(PNG copy)> <./stress_bp2_fbc.pdf>] [4 <./disc_bp1_t-0o5_k1o0_400k_1uc.png (PNG
 copy)> <./disc_bp1_t-0o5_k1o0_400k_2uc.png (PNG copy)> <./disc_bp1_t-0o5_k1o0_
400k_3uc.png (PNG copy)> <./disc_bp1_t-0o5_k1o0_400k_4uc.png (PNG copy)> <./str
ess_bp1_fbc.pdf>] (./lmcproc.aux) ) 
Here is how much of TeX's memory you used:
 1762 strings out of 493857
 20751 string characters out of 1153306
 71962 words of memory out of 3000000
 5030 multiletter control sequences out of 15000+50000
 11720 words of font info for 46 fonts, out of 3000000 for 9000
 714 hyphenation exceptions out of 8191
 25i,8n,24p,362b,342s stack positions out of 5000i,500n,10000p,200000b,50000s
</usr/share/texmf-texlive/fonts/type1/public
/amsfonts/cm/cmbx10.pfb></usr/share/texmf-texlive/fonts/type1/public/amsfonts/c
m/cmbx12.pfb></usr/share/texmf-texlive/fonts/type1/public/amsfonts/cm/cmmi8.pfb
></usr/share/texmf-texlive/fonts/type1/public/amsfonts/cm/cmr10.pfb></usr/share
/texmf-texlive/fonts/type1/public/amsfonts/cm/cmr12.pfb></usr/share/texmf-texli
ve/fonts/type1/public/amsfonts/cm/cmr7.pfb></usr/share/texmf-texlive/fonts/type
1/public/amsfonts/cm/cmr8.pfb></usr/share/texmf-texlive/fonts/type1/public/amsf
onts/cm/cmtt10.pfb>
Output written on lmcproc.pdf (4 pages, 3146093 bytes).
PDF statistics:
 80 PDF objects out of 1000 (max. 8388607)
 0 named destinations out of 1000 (max. 500000)
 66 words of extra memory for PDF output out of 10000 (max. 10000000)

